<?xml version="1.0" encoding="UTF-8"?>
<testng-results skipped="0" failed="0" ignored="0" total="1" passed="1">
  <reporter-output>
  </reporter-output>
  <suite name="example suite 1" duration-ms="53994" started-at="2021-02-08T11:49:20 IST" finished-at="2021-02-08T11:50:14 IST">
    <groups>
    </groups>
    <test name="Regression suite 1" duration-ms="53994" started-at="2021-02-08T11:49:20 IST" finished-at="2021-02-08T11:50:14 IST">
      <class name="com.qa.auto.testcases.Test1">
        <test-method status="PASS" signature="beforeMethod()[pri:0, instance:com.qa.auto.testcases.Test1@50b494a6]" name="beforeMethod" is-config="true" duration-ms="37466" started-at="2021-02-08T11:49:20 IST" finished-at="2021-02-08T11:49:58 IST">
          <reporter-output>
          </reporter-output>
        </test-method> <!-- beforeMethod -->
        <test-method status="PASS" signature="A()[pri:0, instance:com.qa.auto.testcases.Test1@50b494a6]" name="A" duration-ms="14623" started-at="2021-02-08T11:49:58 IST" finished-at="2021-02-08T11:50:12 IST">
          <reporter-output>
          </reporter-output>
        </test-method> <!-- A -->
        <test-method status="PASS" signature="afterMethod()[pri:0, instance:com.qa.auto.testcases.Test1@50b494a6]" name="afterMethod" is-config="true" duration-ms="1837" started-at="2021-02-08T11:50:12 IST" finished-at="2021-02-08T11:50:14 IST">
          <reporter-output>
          </reporter-output>
        </test-method> <!-- afterMethod -->
      </class> <!-- com.qa.auto.testcases.Test1 -->
    </test> <!-- Regression suite 1 -->
  </suite> <!-- example suite 1 -->
</testng-results>
